2017-5-14 17:29:48 [INFO] Loading nukkit.yml...
2017-5-14 17:29:48 [INFO] Loading server properties...
2017-5-14 17:29:48 [INFO] 将 中文(简体) (chs) 设定为基本语言
2017-5-14 17:29:48 [INFO] 正在启动支持 Minecraft: PE v1.0.7 版本的服务器
2017-5-14 17:29:48 [INFO] 正在启动服务器在 0.0.0.0:19132
2017-5-14 17:29:48 [INFO] 此服务器正在运行 Nukkit 1.0dev 版本 "蘋果(Apple)派(Pie)" (API 1.0.0)
2017-5-14 17:29:48 [INFO] Nukkit 根据 LGPL 许可发行
2017-5-14 17:29:49 [INFO] Successfully loaded 0 resource packs
2017-5-14 17:29:49 [INFO] 读取中... Zlogin v1.0.0
2017-5-14 17:29:49 [INFO] 准备地图中... "world"
2017-5-14 17:29:49 [INFO] 开启中... Zlogin v1.0.0
2017-5-14 17:29:49 [INFO] 启动 GS4 状态监听器
2017-5-14 17:29:49 [INFO] 将 Query 端口设定为 19132
2017-5-14 17:29:49 [INFO] Query 运行在 0.0.0.0:19132
2017-5-14 17:29:49 [INFO] 默认的游戏模式为：生存模式
2017-5-14 17:29:49 [INFO] 启动完成 (1.684s)！如需帮助，请输入 "help" 或 "?"
2017-5-14 17:29:58 [INFO] zixuan[/192.168.4.107:57809] 登入游戏，实体 ID 为 1，坐标位于 (world, -624.4028, 87.0, 550.3334)
2017-5-14 17:29:59 [INFO] zixuan 加入了游戏
2017-5-14 17:30:09 [INFO] zixuan10[/192.168.4.106:19132] 登入游戏，实体 ID 为 31，坐标位于 (world, -627.2347, 84.0, 550.8745)
2017-5-14 17:30:10 [INFO] zixuan10 加入了游戏
2017-5-14 17:30:15 [INFO] zixuan
2017-5-14 17:30:15 [INFO] zixuan
2017-5-14 17:30:15 [INFO] zixuan
2017-5-14 17:30:16 [INFO] zixuan
2017-5-14 17:30:49 [INFO] zixuan10 离开了游戏
2017-5-14 17:30:49 [INFO] zixuan10[/192.168.4.106:19132] 登出游戏，原因： [Zlogin]:由于您长时间不登录账号或者是没注册账号,登录超时
2017-5-14 17:30:53 [INFO] zixuan
2017-5-14 17:30:53 [INFO] zixuan
2017-5-14 17:30:53 [INFO] zixuan
2017-5-14 17:30:53 [INFO] zixuan
2017-5-14 17:30:53 [INFO] zixuan
2017-5-14 17:30:53 [INFO] zixuan
2017-5-14 17:30:53 [INFO] zixuan
2017-5-14 17:30:53 [INFO] zixuan
2017-5-14 17:30:53 [INFO] zixuan
2017-5-14 17:30:53 [INFO] zixuan
2017-5-14 17:30:53 [INFO] zixuan
2017-5-14 17:30:53 [INFO] zixuan
2017-5-14 17:30:54 [INFO] zixuan
2017-5-14 17:30:54 [INFO] zixuan
2017-5-14 17:30:54 [INFO] zixuan
2017-5-14 17:30:54 [INFO] zixuan
2017-5-14 17:30:54 [INFO] zixuan
2017-5-14 17:30:54 [INFO] zixuan
2017-5-14 17:30:54 [INFO] zixuan
2017-5-14 17:30:54 [INFO] zixuan
2017-5-14 17:30:54 [INFO] zixuan
2017-5-14 17:30:54 [INFO] zixuan
2017-5-14 17:30:54 [INFO] zixuan
2017-5-14 17:30:54 [INFO] zixuan
2017-5-14 17:30:54 [INFO] zixuan
2017-5-14 17:30:54 [INFO] zixuan
2017-5-14 17:30:54 [INFO] zixuan
2017-5-14 17:30:54 [INFO] zixuan
2017-5-14 17:30:54 [INFO] zixuan
2017-5-14 17:30:54 [INFO] zixuan
2017-5-14 17:30:54 [INFO] zixuan
2017-5-14 17:30:54 [INFO] zixuan
2017-5-14 17:30:54 [INFO] zixuan
2017-5-14 17:30:54 [INFO] zixuan
2017-5-14 17:30:54 [INFO] zixuan
2017-5-14 17:30:54 [INFO] zixuan
2017-5-14 17:30:54 [INFO] zixuan
2017-5-14 17:30:54 [INFO] zixuan
2017-5-14 17:30:54 [INFO] zixuan
2017-5-14 17:30:54 [INFO] zixuan
2017-5-14 17:30:54 [INFO] zixuan
2017-5-14 17:30:54 [INFO] zixuan
2017-5-14 17:30:54 [INFO] zixuan
2017-5-14 17:30:54 [INFO] zixuan
2017-5-14 17:30:54 [INFO] zixuan
