2017-5-9 14:58:53 [INFO] Loading nukkit.yml...
2017-5-9 14:58:53 [INFO] Loading server properties...
2017-5-9 14:58:53 [INFO] 将 中文(简体) (chs) 设定为基本语言
2017-5-9 14:58:53 [INFO] 正在启动支持 Minecraft: PE v1.0.7 版本的服务器
2017-5-9 14:58:53 [INFO] 正在启动服务器在 0.0.0.0:19132
2017-5-9 14:58:53 [INFO] 此服务器正在运行 Nukkit 1.0dev 版本 "蘋果(Apple)派(Pie)" (API 1.0.0)
2017-5-9 14:58:53 [INFO] Nukkit 根据 LGPL 许可发行
2017-5-9 14:58:53 [INFO] Successfully loaded 0 resource packs
2017-5-9 14:58:53 [INFO] 读取中... Zlogin v1.0.0
2017-5-9 14:58:54 [INFO] 准备地图中... "world"
2017-5-9 14:58:54 [INFO] 开启中... Zlogin v1.0.0
2017-5-9 14:58:54 [INFO] 启动 GS4 状态监听器
2017-5-9 14:58:54 [INFO] 将 Query 端口设定为 19132
2017-5-9 14:58:54 [INFO] Query 运行在 0.0.0.0:19132
2017-5-9 14:58:54 [INFO] 默认的游戏模式为：生存模式
2017-5-9 14:58:54 [INFO] 启动完成 (1.874s)！如需帮助，请输入 "help" 或 "?"
2017-5-9 14:59:26 [NOTICE] Blocked fe80:0:0:0:590f:3dff:acbd:a13a%3 for 300 seconds
2017-5-9 15:01:00 [INFO] zixuan[/192.168.32.125:63774] 登入游戏，实体 ID 为 1，坐标位于 (world, 1.5281, 92.0, 159.7517)
2017-5-9 15:01:00 [INFO] 1494310980095
2017-5-9 15:01:00 [INFO] 1494313260955
2017-5-9 15:01:00 [INFO] zixuan 加入了游戏
2017-5-9 15:01:17 [INFO] zixuan 离开了游戏
2017-5-9 15:01:17 [INFO] zixuan[/192.168.32.125:63774] 登出游戏，原因： client disconnect
