2017-5-10 20:43:49 [INFO] Loading nukkit.yml...
2017-5-10 20:43:49 [INFO] Loading server properties...
2017-5-10 20:43:49 [INFO] 将 中文(简体) (chs) 设定为基本语言
2017-5-10 20:43:49 [INFO] 正在启动支持 Minecraft: PE v1.0.7 版本的服务器
2017-5-10 20:43:49 [INFO] 正在启动服务器在 0.0.0.0:19132
2017-5-10 20:43:49 [INFO] 此服务器正在运行 Nukkit 1.0dev 版本 "蘋果(Apple)派(Pie)" (API 1.0.0)
2017-5-10 20:43:49 [INFO] Nukkit 根据 LGPL 许可发行
2017-5-10 20:43:50 [INFO] Successfully loaded 0 resource packs
2017-5-10 20:43:50 [INFO] 读取中... Zlogin v1.0.0
2017-5-10 20:43:50 [INFO] 准备地图中... "world"
2017-5-10 20:43:50 [INFO] 开启中... Zlogin v1.0.0
2017-5-10 20:43:50 [INFO] 启动 GS4 状态监听器
2017-5-10 20:43:50 [INFO] 将 Query 端口设定为 19132
2017-5-10 20:43:50 [INFO] Query 运行在 0.0.0.0:19132
2017-5-10 20:43:50 [INFO] 默认的游戏模式为：生存模式
2017-5-10 20:43:50 [INFO] 启动完成 (1.613s)！如需帮助，请输入 "help" 或 "?"
2017-5-10 20:44:00 [NOTICE] Blocked fe80:0:0:0:590f:3dff:acbd:a13a%4 for 300 seconds
2017-5-10 20:44:14 [INFO] zixuan[/192.168.32.162:52930] 登入游戏，实体 ID 为 1，坐标位于 (world, -646.3057, 97.7488, 567.9991)
2017-5-10 20:44:15 [INFO] 1
2017-5-10 20:44:15 [INFO] zixuan 加入了游戏
2017-5-10 20:44:22 [INFO] [zixuan: 时间设定为 0]
2017-5-10 20:44:38 [INFO] [zixuan: 已将世界出生点设置为 (-624.00, 86.00, 550.00)]
2017-5-10 20:44:58 [INFO] [zixuan: 正在关闭服务器]
2017-5-10 20:44:58 [INFO] 关闭中... Zlogin v1.0.0
2017-5-10 20:44:58 [INFO] zixuan 离开了游戏
2017-5-10 20:44:58 [INFO] zixuan[/192.168.32.162:52930] 登出游戏，原因： 服务器已关闭
2017-5-10 20:44:58 [INFO] 正在移除地图 "world"
2017-5-10 20:44:58 [INFO] Stopping other threads
