2017-5-11 13:44:13 [INFO] Loading nukkit.yml...
2017-5-11 13:44:13 [INFO] Loading server properties...
2017-5-11 13:44:13 [INFO] 将 中文(简体) (chs) 设定为基本语言
2017-5-11 13:44:13 [INFO] 正在启动支持 Minecraft: PE v1.0.7 版本的服务器
2017-5-11 13:44:13 [INFO] 正在启动服务器在 0.0.0.0:19132
2017-5-11 13:44:13 [INFO] 此服务器正在运行 Nukkit 1.0dev 版本 "蘋果(Apple)派(Pie)" (API 1.0.0)
2017-5-11 13:44:13 [INFO] Nukkit 根据 LGPL 许可发行
2017-5-11 13:44:14 [INFO] Successfully loaded 0 resource packs
2017-5-11 13:44:14 [INFO] 读取中... Zlogin v1.0.0
2017-5-11 13:44:14 [INFO] 准备地图中... "world"
2017-5-11 13:44:14 [INFO] 开启中... Zlogin v1.0.0
2017-5-11 13:44:14 [INFO] 启动 GS4 状态监听器
2017-5-11 13:44:14 [INFO] 将 Query 端口设定为 19132
2017-5-11 13:44:14 [INFO] Query 运行在 0.0.0.0:19132
2017-5-11 13:44:14 [INFO] 默认的游戏模式为：生存模式
2017-5-11 13:44:14 [INFO] 启动完成 (1.986s)！如需帮助，请输入 "help" 或 "?"
2017-5-11 13:44:21 [INFO] zixuan5[/192.168.4.107:54175] 登入游戏，实体 ID 为 1，坐标位于 (world, -624.0, 86.0, 550.0)
2017-5-11 13:44:22 [INFO] 0
2017-5-11 13:44:22 [INFO] a935b9b5-d277-3d07-bb70-effd0665307e
2017-5-11 13:44:22 [INFO] 52499463-8a37-3334-9d8c-6389ac10282d
2017-5-11 13:44:22 [INFO] a935b9b5-d277-3d07-bb70-effd0665307e
2017-5-11 13:44:22 [INFO] 98a6d323-48d8-3697-a6ee-27d56e5fa6ae
2017-5-11 13:44:22 [INFO] 0
2017-5-11 13:44:22 [INFO] a935b9b5-d277-3d07-bb70-effd0665307e
2017-5-11 13:44:22 [INFO] 5999a4c9-cdc8-3c3a-840e-17b4eaa5577e
2017-5-11 13:44:22 [INFO] a935b9b5-d277-3d07-bb70-effd0665307e
2017-5-11 13:44:22 [INFO] 20818f29-650d-390c-8a2d-d26c94970ede
2017-5-11 13:44:22 [INFO] 2
2017-5-11 13:44:22 [INFO] 2
2017-5-11 13:44:22 [INFO] zixuan5 离开了游戏
2017-5-11 13:44:22 [INFO] zixuan5[/192.168.4.107:54175] 登出游戏，原因： 同一个设备只能创建一个小号
2017-5-11 13:44:22 [INFO] zixuan5 加入了游戏
