2017-5-10 18:47:33 [INFO] Loading nukkit.yml...
2017-5-10 18:47:33 [INFO] Loading server properties...
2017-5-10 18:47:33 [INFO] 将 中文(简体) (chs) 设定为基本语言
2017-5-10 18:47:33 [INFO] 正在启动支持 Minecraft: PE v1.0.7 版本的服务器
2017-5-10 18:47:33 [INFO] 正在启动服务器在 0.0.0.0:19132
2017-5-10 18:47:33 [INFO] 此服务器正在运行 Nukkit 1.0dev 版本 "蘋果(Apple)派(Pie)" (API 1.0.0)
2017-5-10 18:47:33 [INFO] Nukkit 根据 LGPL 许可发行
2017-5-10 18:47:34 [INFO] Successfully loaded 0 resource packs
2017-5-10 18:47:34 [INFO] 读取中... Zlogin v1.0.0
2017-5-10 18:47:34 [INFO] 准备地图中... "world"
2017-5-10 18:47:34 [INFO] 开启中... Zlogin v1.0.0
2017-5-10 18:47:34 [INFO] 启动 GS4 状态监听器
2017-5-10 18:47:34 [INFO] 将 Query 端口设定为 19132
2017-5-10 18:47:34 [INFO] Query 运行在 0.0.0.0:19132
2017-5-10 18:47:34 [INFO] 默认的游戏模式为：生存模式
2017-5-10 18:47:34 [INFO] 启动完成 (1.714s)！如需帮助，请输入 "help" 或 "?"
2017-5-10 18:47:38 [CRITICAL] "无法处理事件 'cn.nukkit.event.player.PlayerPreLoginEvent' 至 'Zlogin v1.0.0'：null 在 cn.plugin.event.EventListener 上"
2017-5-10 18:47:38 [ALERT] cn.nukkit.utils.EventException
	at cn.nukkit.plugin.MethodEventExecutor.execute(MethodEventExecutor.java:34)
	at cn.nukkit.plugin.RegisteredListener.callEvent(RegisteredListener.java:56)
	at cn.nukkit.plugin.PluginManager.callEvent(PluginManager.java:553)
	at cn.nukkit.Player.handleDataPacket(Player.java:1977)
	at cn.nukkit.network.RakNetInterface.handleEncapsulated(RakNetInterface.java:155)
	at cn.nukkit.raknet.server.ServerHandler.handlePacket(ServerHandler.java:123)
	at cn.nukkit.network.RakNetInterface.process(RakNetInterface.java:64)
	at cn.nukkit.network.Network.processInterfaces(Network.java:76)
	at cn.nukkit.Server.tick(Server.java:1010)
	at cn.nukkit.Server.tickProcessor(Server.java:808)
	at cn.nukkit.Server.start(Server.java:787)
	at cn.nukkit.Server.<init>(Server.java:472)
	at cn.nukkit.Nukkit.main(Nukkit.java:68)
Caused by: java.lang.NullPointerException
	at cn.plugin.event.EventListener.onPreLogin(EventListener.java:219)
	at sun.reflect.NativeMethodAccessorImpl.invoke0(Native Method)
	at sun.reflect.NativeMethodAccessorImpl.invoke(NativeMethodAccessorImpl.java:62)
	at sun.reflect.DelegatingMethodAccessorImpl.invoke(DelegatingMethodAccessorImpl.java:43)
	at java.lang.reflect.Method.invoke(Method.java:498)
	at cn.nukkit.plugin.MethodEventExecutor.execute(MethodEventExecutor.java:29)
	... 12 more

2017-5-10 18:47:41 [INFO] zixuanAAAA[/192.168.4.107:60683] 登入游戏，实体 ID 为 1，坐标位于 (world, 128.3, 56.0, 128.0)
2017-5-10 18:47:42 [INFO] zixuanAAAA 加入了游戏
2017-5-10 18:47:46 [INFO] zixuanAAAA 离开了游戏
2017-5-10 18:47:46 [INFO] zixuanAAAA[/192.168.4.107:60683] 登出游戏，原因： client disconnect
