2017-5-11 00:05:08 [INFO] Loading nukkit.yml...
2017-5-11 00:05:08 [INFO] Loading server properties...
2017-5-11 00:05:08 [INFO] 将 中文(简体) (chs) 设定为基本语言
2017-5-11 00:05:08 [INFO] 正在启动支持 Minecraft: PE v1.0.7 版本的服务器
2017-5-11 00:05:08 [INFO] 正在启动服务器在 0.0.0.0:19132
2017-5-11 00:05:08 [INFO] 此服务器正在运行 Nukkit 1.0dev 版本 "蘋果(Apple)派(Pie)" (API 1.0.0)
2017-5-11 00:05:08 [INFO] Nukkit 根据 LGPL 许可发行
2017-5-11 00:05:09 [INFO] Successfully loaded 0 resource packs
2017-5-11 00:05:09 [INFO] 读取中... Zlogin v1.0.0
2017-5-11 00:05:09 [INFO] 准备地图中... "world"
2017-5-11 00:05:10 [INFO] 开启中... Zlogin v1.0.0
2017-5-11 00:05:10 [INFO] 启动 GS4 状态监听器
2017-5-11 00:05:10 [INFO] 将 Query 端口设定为 19132
2017-5-11 00:05:10 [INFO] Query 运行在 0.0.0.0:19132
2017-5-11 00:05:10 [INFO] 默认的游戏模式为：生存模式
2017-5-11 00:05:10 [INFO] 启动完成 (2.617s)！如需帮助，请输入 "help" 或 "?"
2017-5-11 00:05:17 [INFO] zixuan10[/192.168.4.107:56853] 登入游戏，实体 ID 为 1，坐标位于 (world, -624.0, 86.0, 550.0)
2017-5-11 00:05:18 [INFO] AAAAAE
2017-5-11 00:05:18 [INFO] AK47
2017-5-11 00:05:18 [INFO] zixuan
2017-5-11 00:05:18 [INFO] 0
2017-5-11 00:05:18 [INFO] zixuan10 加入了游戏
