2017-5-9 20:09:47 [INFO] Loading nukkit.yml...
2017-5-9 20:09:47 [INFO] Loading server properties...
2017-5-9 20:09:47 [INFO] 将 中文(简体) (chs) 设定为基本语言
2017-5-9 20:09:47 [INFO] 正在启动支持 Minecraft: PE v1.0.7 版本的服务器
2017-5-9 20:09:47 [INFO] 正在启动服务器在 0.0.0.0:19132
2017-5-9 20:09:47 [INFO] 此服务器正在运行 Nukkit 1.0dev 版本 "蘋果(Apple)派(Pie)" (API 1.0.0)
2017-5-9 20:09:47 [INFO] Nukkit 根据 LGPL 许可发行
2017-5-9 20:09:47 [INFO] Successfully loaded 0 resource packs
2017-5-9 20:09:47 [INFO] 读取中... Zlogin v1.0.0
2017-5-9 20:09:47 [INFO] 准备地图中... "world"
2017-5-9 20:09:47 [INFO] 开启中... Zlogin v1.0.0
2017-5-9 20:09:47 [INFO] 启动 GS4 状态监听器
2017-5-9 20:09:47 [INFO] 将 Query 端口设定为 19132
2017-5-9 20:09:47 [INFO] Query 运行在 0.0.0.0:19132
2017-5-9 20:09:47 [INFO] 默认的游戏模式为：生存模式
2017-5-9 20:09:47 [INFO] 启动完成 (1.406s)！如需帮助，请输入 "help" 或 "?"
2017-5-9 20:10:15 [INFO] zixuan[/192.168.32.130:60902] 登入游戏，实体 ID 为 1，坐标位于 (world, 117.7531, 75.0, 188.799)
2017-5-9 20:10:16 [INFO] zixuan 加入了游戏
2017-5-9 20:10:24 [CRITICAL] 于 unregister 执行指令 "unregister" 时，出现了未被处理的错误： java.lang.ArrayIndexOutOfBoundsException: 0
	at cn.plugin.command.unregister.execute(unregister.java:28)
	at cn.nukkit.command.SimpleCommandMap.dispatch(SimpleCommandMap.java:245)
	at cn.nukkit.Server.dispatchCommand(Server.java:652)
	at cn.nukkit.Player.handleDataPacket(Player.java:3004)
	at cn.nukkit.network.Network.processPackets(Network.java:185)
	at cn.nukkit.network.Network.processBatch(Network.java:156)
	at cn.nukkit.Player.handleDataPacket(Player.java:1894)
	at cn.nukkit.network.RakNetInterface.handleEncapsulated(RakNetInterface.java:155)
	at cn.nukkit.raknet.server.ServerHandler.handlePacket(ServerHandler.java:123)
	at cn.nukkit.network.RakNetInterface.process(RakNetInterface.java:64)
	at cn.nukkit.network.Network.processInterfaces(Network.java:76)
	at cn.nukkit.Server.tick(Server.java:1010)
	at cn.nukkit.Server.tickProcessor(Server.java:808)
	at cn.nukkit.Server.start(Server.java:787)
	at cn.nukkit.Server.<init>(Server.java:472)
	at cn.nukkit.Nukkit.main(Nukkit.java:68)

2017-5-9 20:10:24 [ALERT] java.lang.ArrayIndexOutOfBoundsException: 0
	at cn.plugin.command.unregister.execute(unregister.java:28)
	at cn.nukkit.command.SimpleCommandMap.dispatch(SimpleCommandMap.java:245)
	at cn.nukkit.Server.dispatchCommand(Server.java:652)
	at cn.nukkit.Player.handleDataPacket(Player.java:3004)
	at cn.nukkit.network.Network.processPackets(Network.java:185)
	at cn.nukkit.network.Network.processBatch(Network.java:156)
	at cn.nukkit.Player.handleDataPacket(Player.java:1894)
	at cn.nukkit.network.RakNetInterface.handleEncapsulated(RakNetInterface.java:155)
	at cn.nukkit.raknet.server.ServerHandler.handlePacket(ServerHandler.java:123)
	at cn.nukkit.network.RakNetInterface.process(RakNetInterface.java:64)
	at cn.nukkit.network.Network.processInterfaces(Network.java:76)
	at cn.nukkit.Server.tick(Server.java:1010)
	at cn.nukkit.Server.tickProcessor(Server.java:808)
	at cn.nukkit.Server.start(Server.java:787)
	at cn.nukkit.Server.<init>(Server.java:472)
	at cn.nukkit.Nukkit.main(Nukkit.java:68)

2017-5-9 20:10:27 [INFO] zixuan 离开了游戏
2017-5-9 20:10:27 [INFO] zixuan[/192.168.32.130:60902] 登出游戏，原因： client disconnect
