2017-5-10 14:32:02 [INFO] Loading nukkit.yml...
2017-5-10 14:32:02 [INFO] Loading server properties...
2017-5-10 14:32:02 [INFO] 将 中文(简体) (chs) 设定为基本语言
2017-5-10 14:32:02 [INFO] 正在启动支持 Minecraft: PE v1.0.7 版本的服务器
2017-5-10 14:32:02 [INFO] 正在启动服务器在 0.0.0.0:19132
2017-5-10 14:32:02 [INFO] 此服务器正在运行 Nukkit 1.0dev 版本 "蘋果(Apple)派(Pie)" (API 1.0.0)
2017-5-10 14:32:02 [INFO] Nukkit 根据 LGPL 许可发行
2017-5-10 14:32:03 [INFO] Successfully loaded 0 resource packs
2017-5-10 14:32:03 [INFO] 读取中... Zlogin v1.0.0
2017-5-10 14:32:03 [INFO] 准备地图中... "world"
2017-5-10 14:32:03 [INFO] 开启中... Zlogin v1.0.0
2017-5-10 14:32:03 [INFO] 启动 GS4 状态监听器
2017-5-10 14:32:03 [INFO] 将 Query 端口设定为 19132
2017-5-10 14:32:03 [INFO] Query 运行在 0.0.0.0:19132
2017-5-10 14:32:03 [INFO] 默认的游戏模式为：生存模式
2017-5-10 14:32:03 [INFO] 启动完成 (1.914s)！如需帮助，请输入 "help" 或 "?"
2017-5-10 14:32:11 [INFO] zixuan[/192.168.4.107:58845] 登入游戏，实体 ID 为 6，坐标位于 (world, 110.4669, 52.0, 193.7062)
2017-5-10 14:32:12 [INFO] 5999a4c9-cdc8-3c3a-840e-17b4eaa5577e
2017-5-10 14:32:12 [INFO] Pla
2017-5-10 14:32:12 [INFO] zixuan 加入了游戏
2017-5-10 14:32:52 [WARNING] zixuan 行动可疑！
2017-5-10 14:32:53 [WARNING] zixuan 行动可疑！
2017-5-10 14:33:30 [INFO] zixuan 离开了游戏
2017-5-10 14:33:30 [INFO] zixuan[/192.168.4.107:58845] 登出游戏，原因： client disconnect
