2017-5-8 23:07:21 [INFO] Loading nukkit.yml...
2017-5-8 23:07:21 [INFO] Loading server properties...
2017-5-8 23:07:21 [INFO] 将 中文(简体) (chs) 设定为基本语言
2017-5-8 23:07:21 [INFO] 正在启动支持 Minecraft: PE v1.0.7 版本的服务器
2017-5-8 23:07:21 [INFO] 正在启动服务器在 0.0.0.0:19132
2017-5-8 23:07:21 [INFO] 此服务器正在运行 Nukkit 1.0dev 版本 "蘋果(Apple)派(Pie)" (API 1.0.0)
2017-5-8 23:07:21 [INFO] Nukkit 根据 LGPL 许可发行
2017-5-8 23:07:22 [INFO] Successfully loaded 0 resource packs
2017-5-8 23:07:22 [INFO] 读取中... Zlogin v1.0.0
2017-5-8 23:07:22 [INFO] 准备地图中... "world"
2017-5-8 23:07:22 [INFO] 开启中... Zlogin v1.0.0
2017-5-8 23:07:22 [INFO] F:\java\Zlogin\Nukkit\plugins\Zlogin
2017-5-8 23:07:22 [INFO] 启动 GS4 状态监听器
2017-5-8 23:07:22 [INFO] 将 Query 端口设定为 19132
2017-5-8 23:07:22 [INFO] Query 运行在 0.0.0.0:19132
2017-5-8 23:07:22 [INFO] 默认的游戏模式为：生存模式
2017-5-8 23:07:22 [INFO] 启动完成 (2.408s)！如需帮助，请输入 "help" 或 "?"
2017-5-8 23:08:10 [INFO] zixuan1[/192.168.4.107:49175] 登入游戏，实体 ID 为 1，坐标位于 (world, 112.7074, 58.0, 130.164)
2017-5-8 23:08:20 [INFO] zixuan1 加入了游戏
2017-5-8 23:08:48 [INFO] zixuan1 离开了游戏
2017-5-8 23:08:48 [INFO] zixuan1[/192.168.4.107:49175] 登出游戏，原因： client disconnect
