2017-5-11 00:03:00 [INFO] Loading nukkit.yml...
2017-5-11 00:03:00 [INFO] Loading server properties...
2017-5-11 00:03:00 [INFO] 将 中文(简体) (chs) 设定为基本语言
2017-5-11 00:03:00 [INFO] 正在启动支持 Minecraft: PE v1.0.7 版本的服务器
2017-5-11 00:03:00 [INFO] 正在启动服务器在 0.0.0.0:19132
2017-5-11 00:03:00 [INFO] 此服务器正在运行 Nukkit 1.0dev 版本 "蘋果(Apple)派(Pie)" (API 1.0.0)
2017-5-11 00:03:00 [INFO] Nukkit 根据 LGPL 许可发行
2017-5-11 00:03:01 [INFO] Successfully loaded 0 resource packs
2017-5-11 00:03:01 [INFO] 读取中... Zlogin v1.0.0
2017-5-11 00:03:01 [INFO] 准备地图中... "world"
2017-5-11 00:03:01 [INFO] 开启中... Zlogin v1.0.0
2017-5-11 00:03:01 [INFO] 启动 GS4 状态监听器
2017-5-11 00:03:01 [INFO] 将 Query 端口设定为 19132
2017-5-11 00:03:01 [INFO] Query 运行在 0.0.0.0:19132
2017-5-11 00:03:01 [INFO] 默认的游戏模式为：生存模式
2017-5-11 00:03:01 [INFO] 启动完成 (1.504s)！如需帮助，请输入 "help" 或 "?"
2017-5-11 00:03:13 [INFO] zixuan10[/192.168.4.107:56853] 登入游戏，实体 ID 为 1，坐标位于 (world, -624.0, 86.0, 550.0)
2017-5-11 00:03:14 [INFO] AAAAAE
2017-5-11 00:03:14 [INFO] AK47
2017-5-11 00:03:14 [INFO] zixuan
2017-5-11 00:03:14 [INFO] 0
2017-5-11 00:03:14 [INFO] zixuan10 加入了游戏
2017-5-11 00:04:01 [INFO] zixuan10 离开了游戏
2017-5-11 00:04:01 [INFO] zixuan10[/192.168.4.107:56853] 登出游戏，原因： [Zlogin]:由于您长时间不登录账号或者是没注册账号,登录超时
